<?xml version="1.0" encoding="UTF-8"?>
<testsuite xmlns:xsi="http://www.w3.org/2001/XMLSchema-instance" xsi:noNamespaceSchemaLocation="https://maven.apache.org/surefire/maven-surefire-plugin/xsd/surefire-test-report.xsd" name="com.example.demo.DemoApplicationTests" time="0.153" tests="3" errors="3" skipped="0" failures="0">
  <properties>
    <property name="sun.desktop" value="windows"/>
    <property name="awt.toolkit" value="sun.awt.windows.WToolkit"/>
    <property name="file.encoding.pkg" value="sun.io"/>
    <property name="java.specification.version" value="1.8"/>
    <property name="sun.cpu.isalist" value="amd64"/>
    <property name="sun.jnu.encoding" value="GBK"/>
    <property name="java.class.path" value="D:\IDEAProject2020\SpringShell\target\test-classes;D:\IDEAProject2020\SpringShell\target\classes;C:\Users\cff\.m2\repository\org\springframework\boot\spring-boot-starter\2.1.10.RELEASE\spring-boot-starter-2.1.10.RELEASE.jar;C:\Users\cff\.m2\repository\org\springframework\boot\spring-boot\2.1.10.RELEASE\spring-boot-2.1.10.RELEASE.jar;C:\Users\cff\.m2\repository\org\springframework\spring-context\5.1.11.RELEASE\spring-context-5.1.11.RELEASE.jar;C:\Users\cff\.m2\repository\org\springframework\spring-aop\5.1.11.RELEASE\spring-aop-5.1.11.RELEASE.jar;C:\Users\cff\.m2\repository\org\springframework\spring-expression\5.1.11.RELEASE\spring-expression-5.1.11.RELEASE.jar;C:\Users\cff\.m2\repository\org\springframework\boot\spring-boot-autoconfigure\2.1.10.RELEASE\spring-boot-autoconfigure-2.1.10.RELEASE.jar;C:\Users\cff\.m2\repository\org\springframework\boot\spring-boot-starter-logging\2.1.10.RELEASE\spring-boot-starter-logging-2.1.10.RELEASE.jar;C:\Users\cff\.m2\repository\ch\qos\logback\logback-classic\1.2.3\logback-classic-1.2.3.jar;C:\Users\cff\.m2\repository\ch\qos\logback\logback-core\1.2.3\logback-core-1.2.3.jar;C:\Users\cff\.m2\repository\org\apache\logging\log4j\log4j-to-slf4j\2.11.2\log4j-to-slf4j-2.11.2.jar;C:\Users\cff\.m2\repository\org\apache\logging\log4j\log4j-api\2.11.2\log4j-api-2.11.2.jar;C:\Users\cff\.m2\repository\org\slf4j\jul-to-slf4j\1.7.29\jul-to-slf4j-1.7.29.jar;C:\Users\cff\.m2\repository\javax\annotation\javax.annotation-api\1.3.2\javax.annotation-api-1.3.2.jar;C:\Users\cff\.m2\repository\org\springframework\spring-core\5.1.11.RELEASE\spring-core-5.1.11.RELEASE.jar;C:\Users\cff\.m2\repository\org\springframework\spring-jcl\5.1.11.RELEASE\spring-jcl-5.1.11.RELEASE.jar;C:\Users\cff\.m2\repository\org\yaml\snakeyaml\1.23\snakeyaml-1.23.jar;C:\Users\cff\.m2\repository\org\projectlombok\lombok\1.18.10\lombok-1.18.10.jar;C:\Users\cff\.m2\repository\org\springframework\boot\spring-boot-starter-test\2.1.10.RELEASE\spring-boot-starter-test-2.1.10.RELEASE.jar;C:\Users\cff\.m2\repository\org\springframework\boot\spring-boot-test\2.1.10.RELEASE\spring-boot-test-2.1.10.RELEASE.jar;C:\Users\cff\.m2\repository\org\springframework\boot\spring-boot-test-autoconfigure\2.1.10.RELEASE\spring-boot-test-autoconfigure-2.1.10.RELEASE.jar;C:\Users\cff\.m2\repository\com\jayway\jsonpath\json-path\2.4.0\json-path-2.4.0.jar;C:\Users\cff\.m2\repository\net\minidev\json-smart\2.3\json-smart-2.3.jar;C:\Users\cff\.m2\repository\net\minidev\accessors-smart\1.2\accessors-smart-1.2.jar;C:\Users\cff\.m2\repository\org\ow2\asm\asm\5.0.4\asm-5.0.4.jar;C:\Users\cff\.m2\repository\org\slf4j\slf4j-api\1.7.29\slf4j-api-1.7.29.jar;C:\Users\cff\.m2\repository\junit\junit\4.12\junit-4.12.jar;C:\Users\cff\.m2\repository\org\assertj\assertj-core\3.11.1\assertj-core-3.11.1.jar;C:\Users\cff\.m2\repository\org\mockito\mockito-core\2.23.4\mockito-core-2.23.4.jar;C:\Users\cff\.m2\repository\net\bytebuddy\byte-buddy\1.9.16\byte-buddy-1.9.16.jar;C:\Users\cff\.m2\repository\net\bytebuddy\byte-buddy-agent\1.9.16\byte-buddy-agent-1.9.16.jar;C:\Users\cff\.m2\repository\org\objenesis\objenesis\2.6\objenesis-2.6.jar;C:\Users\cff\.m2\repository\org\hamcrest\hamcrest-core\1.3\hamcrest-core-1.3.jar;C:\Users\cff\.m2\repository\org\hamcrest\hamcrest-library\1.3\hamcrest-library-1.3.jar;C:\Users\cff\.m2\repository\org\skyscreamer\jsonassert\1.5.0\jsonassert-1.5.0.jar;C:\Users\cff\.m2\repository\com\vaadin\external\google\android-json\0.0.20131108.vaadin1\android-json-0.0.20131108.vaadin1.jar;C:\Users\cff\.m2\repository\org\springframework\spring-test\5.1.11.RELEASE\spring-test-5.1.11.RELEASE.jar;C:\Users\cff\.m2\repository\org\xmlunit\xmlunit-core\2.6.3\xmlunit-core-2.6.3.jar;C:\Users\cff\.m2\repository\org\springframework\shell\spring-shell-starter\2.0.0.RELEASE\spring-shell-starter-2.0.0.RELEASE.jar;C:\Users\cff\.m2\repository\org\springframework\shell\spring-shell-core\2.0.0.RELEASE\spring-shell-core-2.0.0.RELEASE.jar;C:\Users\cff\.m2\repository\org\springframework\boot\spring-boot-starter-validation\2.1.10.RELEASE\spring-boot-starter-validation-2.1.10.RELEASE.jar;C:\Users\cff\.m2\repository\org\apache\tomcat\embed\tomcat-embed-el\9.0.27\tomcat-embed-el-9.0.27.jar;C:\Users\cff\.m2\repository\org\hibernate\validator\hibernate-validator\6.0.18.Final\hibernate-validator-6.0.18.Final.jar;C:\Users\cff\.m2\repository\javax\validation\validation-api\2.0.1.Final\validation-api-2.0.1.Final.jar;C:\Users\cff\.m2\repository\org\jboss\logging\jboss-logging\3.3.3.Final\jboss-logging-3.3.3.Final.jar;C:\Users\cff\.m2\repository\com\fasterxml\classmate\1.4.0\classmate-1.4.0.jar;C:\Users\cff\.m2\repository\org\jline\jline\3.4.0\jline-3.4.0.jar;C:\Users\cff\.m2\repository\org\jline\jline-terminal-jna\3.4.0\jline-terminal-jna-3.4.0.jar;C:\Users\cff\.m2\repository\net\java\dev\jna\jna\4.5.2\jna-4.5.2.jar;C:\Users\cff\.m2\repository\org\jline\jline-terminal\3.4.0\jline-terminal-3.4.0.jar;C:\Users\cff\.m2\repository\org\springframework\shell\spring-shell-standard\2.0.0.RELEASE\spring-shell-standard-2.0.0.RELEASE.jar;C:\Users\cff\.m2\repository\org\springframework\shell\spring-shell-standard-commands\2.0.0.RELEASE\spring-shell-standard-commands-2.0.0.RELEASE.jar;C:\Users\cff\.m2\repository\org\springframework\shell\spring-shell-shell1-adapter\2.0.0.RELEASE\spring-shell-shell1-adapter-2.0.0.RELEASE.jar;C:\Users\cff\.m2\repository\org\springframework\shell\spring-shell-jcommander-adapter\2.0.0.RELEASE\spring-shell-jcommander-adapter-2.0.0.RELEASE.jar;C:\Users\cff\.m2\repository\org\springframework\shell\spring-shell-table\2.0.0.RELEASE\spring-shell-table-2.0.0.RELEASE.jar;C:\Users\cff\.m2\repository\org\springframework\spring-beans\5.1.11.RELEASE\spring-beans-5.1.11.RELEASE.jar;"/>
    <property name="java.vm.vendor" value="Oracle Corporation"/>
    <property name="sun.arch.data.model" value="64"/>
    <property name="user.variant" value=""/>
    <property name="java.vendor.url" value="http://java.oracle.com/"/>
    <property name="user.timezone" value="Asia/Shanghai"/>
    <property name="java.vm.specification.version" value="1.8"/>
    <property name="os.name" value="Windows 10"/>
    <property name="user.country" value="CN"/>
    <property name="sun.java.launcher" value="SUN_STANDARD"/>
    <property name="sun.boot.library.path" value="C:\Program Files\Java\jdk1.8.0_251\jre\bin"/>
    <property name="sun.java.command" value="C:\Users\cff\AppData\Local\Temp\surefire1482047296764685857\surefirebooter73453819378215198.jar C:\Users\cff\AppData\Local\Temp\surefire1482047296764685857 2020-11-10T15-33-06_087-jvmRun1 surefire3248955221423233309tmp surefire_03184094179248783096tmp"/>
    <property name="surefire.test.class.path" value="D:\IDEAProject2020\SpringShell\target\test-classes;D:\IDEAProject2020\SpringShell\target\classes;C:\Users\cff\.m2\repository\org\springframework\boot\spring-boot-starter\2.1.10.RELEASE\spring-boot-starter-2.1.10.RELEASE.jar;C:\Users\cff\.m2\repository\org\springframework\boot\spring-boot\2.1.10.RELEASE\spring-boot-2.1.10.RELEASE.jar;C:\Users\cff\.m2\repository\org\springframework\spring-context\5.1.11.RELEASE\spring-context-5.1.11.RELEASE.jar;C:\Users\cff\.m2\repository\org\springframework\spring-aop\5.1.11.RELEASE\spring-aop-5.1.11.RELEASE.jar;C:\Users\cff\.m2\repository\org\springframework\spring-expression\5.1.11.RELEASE\spring-expression-5.1.11.RELEASE.jar;C:\Users\cff\.m2\repository\org\springframework\boot\spring-boot-autoconfigure\2.1.10.RELEASE\spring-boot-autoconfigure-2.1.10.RELEASE.jar;C:\Users\cff\.m2\repository\org\springframework\boot\spring-boot-starter-logging\2.1.10.RELEASE\spring-boot-starter-logging-2.1.10.RELEASE.jar;C:\Users\cff\.m2\repository\ch\qos\logback\logback-classic\1.2.3\logback-classic-1.2.3.jar;C:\Users\cff\.m2\repository\ch\qos\logback\logback-core\1.2.3\logback-core-1.2.3.jar;C:\Users\cff\.m2\repository\org\apache\logging\log4j\log4j-to-slf4j\2.11.2\log4j-to-slf4j-2.11.2.jar;C:\Users\cff\.m2\repository\org\apache\logging\log4j\log4j-api\2.11.2\log4j-api-2.11.2.jar;C:\Users\cff\.m2\repository\org\slf4j\jul-to-slf4j\1.7.29\jul-to-slf4j-1.7.29.jar;C:\Users\cff\.m2\repository\javax\annotation\javax.annotation-api\1.3.2\javax.annotation-api-1.3.2.jar;C:\Users\cff\.m2\repository\org\springframework\spring-core\5.1.11.RELEASE\spring-core-5.1.11.RELEASE.jar;C:\Users\cff\.m2\repository\org\springframework\spring-jcl\5.1.11.RELEASE\spring-jcl-5.1.11.RELEASE.jar;C:\Users\cff\.m2\repository\org\yaml\snakeyaml\1.23\snakeyaml-1.23.jar;C:\Users\cff\.m2\repository\org\projectlombok\lombok\1.18.10\lombok-1.18.10.jar;C:\Users\cff\.m2\repository\org\springframework\boot\spring-boot-starter-test\2.1.10.RELEASE\spring-boot-starter-test-2.1.10.RELEASE.jar;C:\Users\cff\.m2\repository\org\springframework\boot\spring-boot-test\2.1.10.RELEASE\spring-boot-test-2.1.10.RELEASE.jar;C:\Users\cff\.m2\repository\org\springframework\boot\spring-boot-test-autoconfigure\2.1.10.RELEASE\spring-boot-test-autoconfigure-2.1.10.RELEASE.jar;C:\Users\cff\.m2\repository\com\jayway\jsonpath\json-path\2.4.0\json-path-2.4.0.jar;C:\Users\cff\.m2\repository\net\minidev\json-smart\2.3\json-smart-2.3.jar;C:\Users\cff\.m2\repository\net\minidev\accessors-smart\1.2\accessors-smart-1.2.jar;C:\Users\cff\.m2\repository\org\ow2\asm\asm\5.0.4\asm-5.0.4.jar;C:\Users\cff\.m2\repository\org\slf4j\slf4j-api\1.7.29\slf4j-api-1.7.29.jar;C:\Users\cff\.m2\repository\junit\junit\4.12\junit-4.12.jar;C:\Users\cff\.m2\repository\org\assertj\assertj-core\3.11.1\assertj-core-3.11.1.jar;C:\Users\cff\.m2\repository\org\mockito\mockito-core\2.23.4\mockito-core-2.23.4.jar;C:\Users\cff\.m2\repository\net\bytebuddy\byte-buddy\1.9.16\byte-buddy-1.9.16.jar;C:\Users\cff\.m2\repository\net\bytebuddy\byte-buddy-agent\1.9.16\byte-buddy-agent-1.9.16.jar;C:\Users\cff\.m2\repository\org\objenesis\objenesis\2.6\objenesis-2.6.jar;C:\Users\cff\.m2\repository\org\hamcrest\hamcrest-core\1.3\hamcrest-core-1.3.jar;C:\Users\cff\.m2\repository\org\hamcrest\hamcrest-library\1.3\hamcrest-library-1.3.jar;C:\Users\cff\.m2\repository\org\skyscreamer\jsonassert\1.5.0\jsonassert-1.5.0.jar;C:\Users\cff\.m2\repository\com\vaadin\external\google\android-json\0.0.20131108.vaadin1\android-json-0.0.20131108.vaadin1.jar;C:\Users\cff\.m2\repository\org\springframework\spring-test\5.1.11.RELEASE\spring-test-5.1.11.RELEASE.jar;C:\Users\cff\.m2\repository\org\xmlunit\xmlunit-core\2.6.3\xmlunit-core-2.6.3.jar;C:\Users\cff\.m2\repository\org\springframework\shell\spring-shell-starter\2.0.0.RELEASE\spring-shell-starter-2.0.0.RELEASE.jar;C:\Users\cff\.m2\repository\org\springframework\shell\spring-shell-core\2.0.0.RELEASE\spring-shell-core-2.0.0.RELEASE.jar;C:\Users\cff\.m2\repository\org\springframework\boot\spring-boot-starter-validation\2.1.10.RELEASE\spring-boot-starter-validation-2.1.10.RELEASE.jar;C:\Users\cff\.m2\repository\org\apache\tomcat\embed\tomcat-embed-el\9.0.27\tomcat-embed-el-9.0.27.jar;C:\Users\cff\.m2\repository\org\hibernate\validator\hibernate-validator\6.0.18.Final\hibernate-validator-6.0.18.Final.jar;C:\Users\cff\.m2\repository\javax\validation\validation-api\2.0.1.Final\validation-api-2.0.1.Final.jar;C:\Users\cff\.m2\repository\org\jboss\logging\jboss-logging\3.3.3.Final\jboss-logging-3.3.3.Final.jar;C:\Users\cff\.m2\repository\com\fasterxml\classmate\1.4.0\classmate-1.4.0.jar;C:\Users\cff\.m2\repository\org\jline\jline\3.4.0\jline-3.4.0.jar;C:\Users\cff\.m2\repository\org\jline\jline-terminal-jna\3.4.0\jline-terminal-jna-3.4.0.jar;C:\Users\cff\.m2\repository\net\java\dev\jna\jna\4.5.2\jna-4.5.2.jar;C:\Users\cff\.m2\repository\org\jline\jline-terminal\3.4.0\jline-terminal-3.4.0.jar;C:\Users\cff\.m2\repository\org\springframework\shell\spring-shell-standard\2.0.0.RELEASE\spring-shell-standard-2.0.0.RELEASE.jar;C:\Users\cff\.m2\repository\org\springframework\shell\spring-shell-standard-commands\2.0.0.RELEASE\spring-shell-standard-commands-2.0.0.RELEASE.jar;C:\Users\cff\.m2\repository\org\springframework\shell\spring-shell-shell1-adapter\2.0.0.RELEASE\spring-shell-shell1-adapter-2.0.0.RELEASE.jar;C:\Users\cff\.m2\repository\org\springframework\shell\spring-shell-jcommander-adapter\2.0.0.RELEASE\spring-shell-jcommander-adapter-2.0.0.RELEASE.jar;C:\Users\cff\.m2\repository\org\springframework\shell\spring-shell-table\2.0.0.RELEASE\spring-shell-table-2.0.0.RELEASE.jar;C:\Users\cff\.m2\repository\org\springframework\spring-beans\5.1.11.RELEASE\spring-beans-5.1.11.RELEASE.jar;"/>
    <property name="sun.cpu.endian" value="little"/>
    <property name="user.home" value="C:\Users\cff"/>
    <property name="user.language" value="zh"/>
    <property name="java.specification.vendor" value="Oracle Corporation"/>
    <property name="java.home" value="C:\Program Files\Java\jdk1.8.0_251\jre"/>
    <property name="basedir" value="D:\IDEAProject2020\SpringShell"/>
    <property name="file.separator" value="\"/>
    <property name="line.separator" value="&#10;"/>
    <property name="java.vm.specification.vendor" value="Oracle Corporation"/>
    <property name="java.specification.name" value="Java Platform API Specification"/>
    <property name="java.awt.graphicsenv" value="sun.awt.Win32GraphicsEnvironment"/>
    <property name="surefire.real.class.path" value="C:\Users\cff\AppData\Local\Temp\surefire1482047296764685857\surefirebooter73453819378215198.jar"/>
    <property name="sun.boot.class.path" value="C:\Program Files\Java\jdk1.8.0_251\jre\lib\resources.jar;C:\Program Files\Java\jdk1.8.0_251\jre\lib\rt.jar;C:\Program Files\Java\jdk1.8.0_251\jre\lib\sunrsasign.jar;C:\Program Files\Java\jdk1.8.0_251\jre\lib\jsse.jar;C:\Program Files\Java\jdk1.8.0_251\jre\lib\jce.jar;C:\Program Files\Java\jdk1.8.0_251\jre\lib\charsets.jar;C:\Program Files\Java\jdk1.8.0_251\jre\lib\jfr.jar;C:\Program Files\Java\jdk1.8.0_251\jre\classes"/>
    <property name="user.script" value=""/>
    <property name="sun.management.compiler" value="HotSpot 64-Bit Tiered Compilers"/>
    <property name="java.runtime.version" value="1.8.0_251-b08"/>
    <property name="user.name" value="cff"/>
    <property name="path.separator" value=";"/>
    <property name="os.version" value="10.0"/>
    <property name="java.endorsed.dirs" value="C:\Program Files\Java\jdk1.8.0_251\jre\lib\endorsed"/>
    <property name="java.runtime.name" value="Java(TM) SE Runtime Environment"/>
    <property name="file.encoding" value="GBK"/>
    <property name="java.vm.name" value="Java HotSpot(TM) 64-Bit Server VM"/>
    <property name="localRepository" value="C:\Users\cff\.m2\repository"/>
    <property name="java.vendor.url.bug" value="http://bugreport.sun.com/bugreport/"/>
    <property name="java.io.tmpdir" value="C:\Users\cff\AppData\Local\Temp\"/>
    <property name="java.version" value="1.8.0_251"/>
    <property name="user.dir" value="D:\IDEAProject2020\SpringShell"/>
    <property name="os.arch" value="amd64"/>
    <property name="java.vm.specification.name" value="Java Virtual Machine Specification"/>
    <property name="java.awt.printerjob" value="sun.awt.windows.WPrinterJob"/>
    <property name="sun.os.patch.level" value=""/>
    <property name="java.library.path" value="C:\Program Files\Java\jdk1.8.0_251\jre\bin;C:\Windows\Sun\Java\bin;C:\Windows\system32;C:\Windows;C:\Program Files (x86)\Common Files\Oracle\Java\javapath;C:\Windows\system32;C:\Windows;C:\Windows\System32\Wbem;C:\Windows\System32\WindowsPowerShell\v1.0\;C:\Windows\System32\OpenSSH\;C:\Program Files\Intel\WiFi\bin\;C:\Program Files\Common Files\Intel\WirelessCommon\;C:\Program Files\NVIDIA Corporation\NVIDIA NGX;C:\Program Files (x86)\NVIDIA Corporation\PhysX\Common;C:\Program Files\NVIDIA Corporation\NVIDIA NvDLISR;C:\Program Files (x86)\Windows Kits\8.1\Windows Performance Toolkit\;C:\Program Files\Java\jre1.8.0_251\bin;D:\git\Git\cmd;D:\Redis\;D:\nodejs\;C:\Program Files\Java\jdk1.8.0_251\bin;D:\NDK\android-ndk-r21;D:\NDK\android-ndk-r21;D:\nodejs\node_global;D:\apkHack\Apktool-master\scripts\windows;D:\雷电模拟器\content\dnplayer2;D:\CXF\apache-cxf-3.4.0\bin;C:\Users\cff\AppData\Local\Programs\Python\Python37\Scripts\;C:\Users\cff\AppData\Local\Programs\Python\Python37\;C:\Users\cff\AppData\Local\Microsoft\WindowsApps;D:\IDEA\content\IntelliJ IDEA 2019.3\bin;D:\Maven\apache-maven-3.6.3\bin;D:\Maven\apache-maven-3.6.3\bin;D:\PyCharm 2018.3.7\bin;C:\Users\cff\AppData\Roaming\npm;D:\Fiddler4;C:\Program Files\Java\jdk1.8.0_251\jre\bin;C:\Program Files\Java\jdk1.8.0_251\bin;D:\WebStorm\content\WebStorm 2019.2.3\bin;;D:\apkHack\Apktool-master\scripts\windows;D:\Cygwin\content;D:\apkHack\signapk;D:\Nmap;."/>
    <property name="java.vm.info" value="mixed mode"/>
    <property name="java.vendor" value="Oracle Corporation"/>
    <property name="java.vm.version" value="25.251-b08"/>
    <property name="idea.version2019.3" value="true"/>
    <property name="java.ext.dirs" value="C:\Program Files\Java\jdk1.8.0_251\jre\lib\ext;C:\Windows\Sun\Java\lib\ext"/>
    <property name="sun.io.unicode.encoding" value="UnicodeLittle"/>
    <property name="java.class.version" value="52.0"/>
  </properties>
  <testcase name="initializationError" classname="com.example.demo.DemoApplicationTests" time="0.003">
    <error message="The class com.example.demo.DemoApplicationTests is not public." type="java.lang.Exception">java.lang.Exception: The class com.example.demo.DemoApplicationTests is not public.
</error>
  </testcase>
  <testcase name="initializationError" classname="com.example.demo.DemoApplicationTests" time="0">
    <error message="Test class should have exactly one public constructor" type="java.lang.Exception">java.lang.Exception: Test class should have exactly one public constructor
</error>
  </testcase>
  <testcase name="initializationError" classname="com.example.demo.DemoApplicationTests" time="0">
    <error message="Method contextLoads() should be public" type="java.lang.Exception">java.lang.Exception: Method contextLoads() should be public
</error>
  </testcase>
</testsuite>